[2026-04-09 10:02:56] [INFO] module.loaded version=1.1.0
[2026-04-09 11:53:22] [INFO] module.loaded version=1.1.0
[2026-04-09 11:53:22] [INFO] [ZLHubSeedance] {"ts": "2026-04-09 11:53:22", "event": "workflow.start", "fields": {"output_dir": ".", "viewer_index": 0}}
[2026-04-09 11:53:22] [INFO] [ZLHubSeedance] {"ts": "2026-04-09 11:53:22", "event": "workflow.params", "fields": {"params": {"api_key_masked": "", "api_key_present": false, "base_url": "https://zlhub.xiaowaiyou.cn/zhonglian/api/v1/proxy/ark/contents/generations/tasks", "model": "doubao-seedance-2.0", "resolution": "720p", "ratio": "adaptive", "duration": 5, "generate_audio": true, "web_search": false, "timeout": 900, "max_poll_attempts": 300, "poll_interval": 5, "retry_count": 3, "video_style": "其他风格", "audit_user_id": "6", "audit_test_only": true}, "prompt_length": 11, "has_reference_images": true, "has_reference_videos": false, "has_reference_audios": false}}
[2026-04-09 11:53:22] [INFO] [ZLHubSeedance] {"ts": "2026-04-09 11:53:22", "event": "workflow.failed", "fields": {"task_id": null, "error": "PLUGIN_ERROR:::审核测试模式要求：视频风格为“仿真人风格”且至少提供 1 张参考图"}}
[2026-04-09 11:53:22] [INFO] [ZLHubSeedance] {"ts": "2026-04-09 11:53:22", "event": "workflow.start", "fields": {"output_dir": ".", "viewer_index": 0}}
[2026-04-09 11:53:22] [INFO] [ZLHubSeedance] {"ts": "2026-04-09 11:53:22", "event": "workflow.params", "fields": {"params": {"api_key_masked": "", "api_key_present": false, "base_url": "https://zlhub.xiaowaiyou.cn/zhonglian/api/v1/proxy/ark/contents/generations/tasks", "model": "doubao-seedance-2.0", "resolution": "720p", "ratio": "adaptive", "duration": 5, "generate_audio": true, "web_search": false, "timeout": 900, "max_poll_attempts": 300, "poll_interval": 5, "retry_count": 3, "video_style": "其他风格", "audit_user_id": "6", "audit_test_only": true}, "prompt_length": 11, "has_reference_images": true, "has_reference_videos": false, "has_reference_audios": false}}
[2026-04-09 11:53:22] [INFO] [ZLHubSeedance] {"ts": "2026-04-09 11:53:22", "event": "workflow.failed", "fields": {"task_id": null, "error": "PLUGIN_ERROR:::审核测试模式要求：视频风格为“仿真人风格”且至少提供 1 张参考图"}}
[2026-04-09 11:58:45] [INFO] module.loaded version=1.1.0
[2026-04-09 12:08:28] [INFO] module.loaded version=1.1.0
[2026-04-09 12:08:28] [INFO] [ZLHubSeedance] {"ts": "2026-04-09 12:08:28", "event": "workflow.start", "fields": {"output_dir": ".", "viewer_index": 0}}
[2026-04-09 12:08:28] [INFO] [ZLHubSeedance] {"ts": "2026-04-09 12:08:28", "event": "workflow.params", "fields": {"params": {"api_key_masked": "", "api_key_present": false, "base_url": "https://zlhub.xiaowaiyou.cn/zhonglian/api/v1/proxy/ark/contents/generations/tasks", "model": "doubao-seedance-2.0", "resolution": "720p", "ratio": "adaptive", "duration": 5, "generate_audio": true, "web_search": false, "timeout": 900, "max_poll_attempts": 300, "poll_interval": 5, "retry_count": 3, "video_style": "仿真人风格", "audit_user_id": "6", "audit_test_only": true}, "prompt_length": 11, "has_reference_images": true, "has_reference_videos": false, "has_reference_audios": false}}
[2026-04-09 12:08:28] [INFO] [ZLHubSeedance] {"ts": "2026-04-09 12:08:28", "event": "workflow.audit_trigger", "fields": {"style": "仿真人风格"}}
[2026-04-09 12:08:28] [INFO] [ZLHubSeedance] {"ts": "2026-04-09 12:08:28", "event": "audit.request", "fields": {"endpoint": "http://118.196.112.236:3428/api/moderation/image", "user_id": 6, "image_count": 1}}
[2026-04-09 12:08:28] [INFO] [ZLHubSeedance] {"ts": "2026-04-09 12:08:28", "event": "audit.success", "fields": {"review_batch_id": "review-test-only", "asset_count": 1}}
[2026-04-09 12:08:28] [INFO] [ZLHubSeedance] {"ts": "2026-04-09 12:08:28", "event": "workflow.audit_completed", "fields": {"asset_urls": ["Asset://Asset-test-only"]}}
[2026-04-09 12:08:28] [INFO] [ZLHubSeedance] {"ts": "2026-04-09 12:08:28", "event": "workflow.audit_test_only.success", "fields": {"asset_urls": ["Asset://Asset-test-only"]}}
[2026-04-09 12:08:29] [INFO] [ZLHubSeedance] {"ts": "2026-04-09 12:08:29", "event": "workflow.start", "fields": {"output_dir": ".", "viewer_index": 0}}
[2026-04-09 12:08:29] [INFO] [ZLHubSeedance] {"ts": "2026-04-09 12:08:29", "event": "workflow.params", "fields": {"params": {"api_key_masked": "", "api_key_present": false, "base_url": "https://zlhub.xiaowaiyou.cn/zhonglian/api/v1/proxy/ark/contents/generations/tasks", "model": "doubao-seedance-2.0", "resolution": "720p", "ratio": "adaptive", "duration": 5, "generate_audio": true, "web_search": false, "timeout": 900, "max_poll_attempts": 300, "poll_interval": 5, "retry_count": 3, "video_style": "仿真人风格", "audit_user_id": "6", "audit_test_only": true}, "prompt_length": 11, "has_reference_images": true, "has_reference_videos": false, "has_reference_audios": false}}
[2026-04-09 12:08:29] [INFO] [ZLHubSeedance] {"ts": "2026-04-09 12:08:29", "event": "workflow.audit_trigger", "fields": {"style": "仿真人风格"}}
[2026-04-09 12:08:29] [INFO] [ZLHubSeedance] {"ts": "2026-04-09 12:08:29", "event": "audit.request", "fields": {"endpoint": "http://118.196.112.236:3428/api/moderation/image", "user_id": 6, "image_count": 1}}
[2026-04-09 12:08:29] [INFO] [ZLHubSeedance] {"ts": "2026-04-09 12:08:29", "event": "audit.success", "fields": {"review_batch_id": "review-test-only", "asset_count": 1}}
[2026-04-09 12:08:29] [INFO] [ZLHubSeedance] {"ts": "2026-04-09 12:08:29", "event": "workflow.audit_completed", "fields": {"asset_urls": ["Asset://Asset-test-only"]}}
[2026-04-09 12:08:29] [INFO] [ZLHubSeedance] {"ts": "2026-04-09 12:08:29", "event": "workflow.audit_test_only.success", "fields": {"asset_urls": ["Asset://Asset-test-only"]}}
